<?xml version="1.0" encoding="UTF-8"?>
<!-- Generated by org.testng.reporters.JUnitReportReporter -->
<testsuite hostname="Ashok" failures="0" tests="1" name="com.jivi.auto.employeetest.EmployeeSelfServiceTest" time="75.639" errors="0" timestamp="2023-09-04T09:52:39 IST" skipped="0">
  <testcase classname="com.jivi.auto.employeetest.EmployeeSelfServiceTest" name="employeeSelfServiceApplyTimeOff" time="75.639"/>
  <system-out/>
</testsuite> <!-- com.jivi.auto.employeetest.EmployeeSelfServiceTest -->
