<?xml version="1.0" encoding="UTF-8"?>
<!-- Generated by org.testng.reporters.JUnitReportReporter -->
<testsuite hostname="Ashok" failures="0" tests="3" name="com.jivi.auto.employeetest.RoaserSetup" time="384.415" errors="0" timestamp="2023-05-09T20:46:58 IST" skipped="0">
  <testcase classname="com.jivi.auto.employeetest.RoaserSetup" name="rosterGroupAssignmentAddingSelectedEmp" time="99.647"/>
  <system-out/>
  <testcase classname="com.jivi.auto.employeetest.RoaserSetup" name="rosterCreation" time="210.833"/>
  <system-out/>
  <testcase classname="com.jivi.auto.employeetest.RoaserSetup" name="createShiftBandDefinition" time="73.935"/>
  <system-out/>
</testsuite> <!-- com.jivi.auto.employeetest.RoaserSetup -->
