<?xml version="1.0" encoding="UTF-8"?>
<!-- Generated by org.testng.reporters.JUnitReportReporter -->
<testsuite hostname="Ashok" failures="0" tests="1" name="com.jivi.auto.employeetest.WorkloadPlanner" time="213.997" errors="0" timestamp="2023-05-19T08:43:58 IST" skipped="0">
  <testcase classname="com.jivi.auto.employeetest.WorkloadPlanner" name="createVesselSchedule" time="213.997"/>
  <system-out/>
</testsuite> <!-- com.jivi.auto.employeetest.WorkloadPlanner -->
