<?xml version="1.0" encoding="UTF-8"?>
<!-- Generated by org.testng.reporters.JUnitReportReporter -->
<testsuite hostname="Ashok" failures="0" tests="1" name="com.jivi.auto.employeetest.TimeAndAttendanceTest" time="60.042" errors="0" timestamp="2023-09-01T11:47:21 IST" skipped="0">
  <testcase classname="com.jivi.auto.employeetest.TimeAndAttendanceTest" name="attendaceRecon" time="60.042"/>
  <system-out/>
</testsuite> <!-- com.jivi.auto.employeetest.TimeAndAttendanceTest -->
