<?xml version="1.0" encoding="UTF-8"?>
<!-- Generated by org.testng.reporters.JUnitReportReporter -->
<testsuite hostname="Ashok" failures="0" tests="7" name="com.jivi.auto.employeetest.RoaserSetup" time="602.068" errors="0" timestamp="2023-05-04T21:57:26 IST" skipped="0">
  <testcase classname="com.jivi.auto.employeetest.RoaserSetup" name="rosterGroupAssignmentAddingSelectedEmp" time="91.083"/>
  <system-out/>
  <testcase classname="com.jivi.auto.employeetest.RoaserSetup" name="rosterGroupAssignmentRemoveAllEmp" time="70.283"/>
  <system-out/>
  <testcase classname="com.jivi.auto.employeetest.RoaserSetup" name="rosterGroupAssignmentRemoveSelectedEmp" time="105.242"/>
  <system-out/>
  <testcase classname="com.jivi.auto.employeetest.RoaserSetup" name="editShiftBandDefinition" time="61.251"/>
  <system-out/>
  <testcase classname="com.jivi.auto.employeetest.RoaserSetup" name="createShiftBandDefinition" time="68.980"/>
  <system-out/>
  <testcase classname="com.jivi.auto.employeetest.RoaserSetup" name="rosterCreation" time="100.981"/>
  <system-out/>
  <testcase classname="com.jivi.auto.employeetest.RoaserSetup" name="rosterGroupAssignmentAddingAllEmp" time="104.248"/>
  <system-out/>
</testsuite> <!-- com.jivi.auto.employeetest.RoaserSetup -->
