<?xml version="1.0" encoding="UTF-8"?>
<!-- Generated by org.testng.reporters.JUnitReportReporter -->
<testsuite hostname="Ashok" failures="2" tests="9" name="com.jivi.auto.employeetest.RoaserSetup" time="657.866" errors="0" timestamp="2023-09-01T11:29:32 IST" skipped="0">
  <testcase classname="com.jivi.auto.employeetest.RoaserSetup" name="deleteShiftBandDefinition" time="42.051"/>
  <system-out/>
  <testcase classname="com.jivi.auto.employeetest.RoaserSetup" name="scheduleCreationRules" time="48.704"/>
  <system-out/>
  <testcase classname="com.jivi.auto.employeetest.RoaserSetup" name="editShiftBandDefinition" time="44.489"/>
  <system-out/>
  <testcase classname="com.jivi.auto.employeetest.RoaserSetup" name="rosterGroupAssignmentAddingAllEmp" time="89.963">
    <failure message="Roster Group Created Successfully. expected [true] but found [false]" type="java.lang.AssertionError">
      <![CDATA[java.lang.AssertionError: Roster Group Created Successfully. expected [true] but found [false]
at org.testng.Assert.fail(Assert.java:97)
at org.testng.Assert.failNotEquals(Assert.java:969)
at org.testng.Assert.assertTrue(Assert.java:43)
at com.jivi.auto.employeetest.RoaserSetup.rosterGroupAssignmentAddingAllEmp(RoaserSetup.java:162)
at java.base/jdk.internal.reflect.NativeMethodAccessorImpl.invoke0(Native Method)
at java.base/jdk.internal.reflect.NativeMethodAccessorImpl.invoke(NativeMethodAccessorImpl.java:77)
at java.base/jdk.internal.reflect.DelegatingMethodAccessorImpl.invoke(DelegatingMethodAccessorImpl.java:43)
at java.base/java.lang.reflect.Method.invoke(Method.java:568)
at org.testng.internal.MethodInvocationHelper.invokeMethod(MethodInvocationHelper.java:134)
at org.testng.internal.TestInvoker.invokeMethod(TestInvoker.java:597)
at org.testng.internal.TestInvoker.invokeTestMethod(TestInvoker.java:173)
at org.testng.internal.MethodRunner.runInSequence(MethodRunner.java:46)
at org.testng.internal.TestInvoker$MethodInvocationAgent.invoke(TestInvoker.java:816)
at org.testng.internal.TestInvoker.invokeTestMethods(TestInvoker.java:146)
at org.testng.internal.TestMethodWorker.invokeTestMethods(TestMethodWorker.java:146)
at org.testng.internal.TestMethodWorker.run(TestMethodWorker.java:128)
at java.base/java.util.ArrayList.forEach(ArrayList.java:1511)
at org.testng.TestRunner.privateRun(TestRunner.java:766)
at org.testng.TestRunner.run(TestRunner.java:587)
at org.testng.SuiteRunner.runTest(SuiteRunner.java:384)
at org.testng.SuiteRunner.runSequentially(SuiteRunner.java:378)
at org.testng.SuiteRunner.privateRun(SuiteRunner.java:337)
at org.testng.SuiteRunner.run(SuiteRunner.java:286)
at org.testng.SuiteRunnerWorker.runSuite(SuiteRunnerWorker.java:53)
at org.testng.SuiteRunnerWorker.run(SuiteRunnerWorker.java:96)
at org.testng.TestNG.runSuitesSequentially(TestNG.java:1187)
at org.testng.TestNG.runSuitesLocally(TestNG.java:1109)
at org.testng.TestNG.runSuites(TestNG.java:1039)
at org.testng.TestNG.run(TestNG.java:1007)
at com.jivi.auto.driver.JiviewsMainClass.main(JiviewsMainClass.java:27)
]]>
    </failure>
  </testcase> <!-- rosterGroupAssignmentAddingAllEmp -->
  <system-out/>
  <testcase classname="com.jivi.auto.employeetest.RoaserSetup" name="rosterGroupAssignmentRemoveSelectedEmp" time="97.701">
    <failure message="Roster Group Created Successfully. expected [true] but found [false]" type="java.lang.AssertionError">
      <![CDATA[java.lang.AssertionError: Roster Group Created Successfully. expected [true] but found [false]
at org.testng.Assert.fail(Assert.java:97)
at org.testng.Assert.failNotEquals(Assert.java:969)
at org.testng.Assert.assertTrue(Assert.java:43)
at com.jivi.auto.employeetest.RoaserSetup.rosterGroupAssignmentRemoveSelectedEmp(RoaserSetup.java:194)
at java.base/jdk.internal.reflect.NativeMethodAccessorImpl.invoke0(Native Method)
at java.base/jdk.internal.reflect.NativeMethodAccessorImpl.invoke(NativeMethodAccessorImpl.java:77)
at java.base/jdk.internal.reflect.DelegatingMethodAccessorImpl.invoke(DelegatingMethodAccessorImpl.java:43)
at java.base/java.lang.reflect.Method.invoke(Method.java:568)
at org.testng.internal.MethodInvocationHelper.invokeMethod(MethodInvocationHelper.java:134)
at org.testng.internal.TestInvoker.invokeMethod(TestInvoker.java:597)
at org.testng.internal.TestInvoker.invokeTestMethod(TestInvoker.java:173)
at org.testng.internal.MethodRunner.runInSequence(MethodRunner.java:46)
at org.testng.internal.TestInvoker$MethodInvocationAgent.invoke(TestInvoker.java:816)
at org.testng.internal.TestInvoker.invokeTestMethods(TestInvoker.java:146)
at org.testng.internal.TestMethodWorker.invokeTestMethods(TestMethodWorker.java:146)
at org.testng.internal.TestMethodWorker.run(TestMethodWorker.java:128)
at java.base/java.util.ArrayList.forEach(ArrayList.java:1511)
at org.testng.TestRunner.privateRun(TestRunner.java:766)
at org.testng.TestRunner.run(TestRunner.java:587)
at org.testng.SuiteRunner.runTest(SuiteRunner.java:384)
at org.testng.SuiteRunner.runSequentially(SuiteRunner.java:378)
at org.testng.SuiteRunner.privateRun(SuiteRunner.java:337)
at org.testng.SuiteRunner.run(SuiteRunner.java:286)
at org.testng.SuiteRunnerWorker.runSuite(SuiteRunnerWorker.java:53)
at org.testng.SuiteRunnerWorker.run(SuiteRunnerWorker.java:96)
at org.testng.TestNG.runSuitesSequentially(TestNG.java:1187)
at org.testng.TestNG.runSuitesLocally(TestNG.java:1109)
at org.testng.TestNG.runSuites(TestNG.java:1039)
at org.testng.TestNG.run(TestNG.java:1007)
at com.jivi.auto.driver.JiviewsMainClass.main(JiviewsMainClass.java:27)
]]>
    </failure>
  </testcase> <!-- rosterGroupAssignmentRemoveSelectedEmp -->
  <system-out/>
  <testcase classname="com.jivi.auto.employeetest.RoaserSetup" name="rosterGroupAssignmentRemoveAllEmp" time="59.587"/>
  <system-out/>
  <testcase classname="com.jivi.auto.employeetest.RoaserSetup" name="rosterCreation" time="124.500"/>
  <system-out/>
  <testcase classname="com.jivi.auto.employeetest.RoaserSetup" name="createShiftBandDefinition" time="75.188"/>
  <system-out/>
  <testcase classname="com.jivi.auto.employeetest.RoaserSetup" name="rosterGroupAssignmentAddingSelectedEmp" time="75.683"/>
  <system-out/>
</testsuite> <!-- com.jivi.auto.employeetest.RoaserSetup -->
