<?xml version="1.0" encoding="UTF-8"?>
<!-- Generated by org.testng.reporters.JUnitReportReporter -->
<testsuite hostname="Ashok" failures="0" tests="1" name="com.jivi.auto.employeetest.JiViewsEmployeeTest" time="90.762" errors="0" timestamp="2023-04-28T13:38:37 IST" skipped="0">
  <testcase classname="com.jivi.auto.employeetest.JiViewsEmployeeTest" name="VerifyTerminateAndLoginwithNewEmployee" time="90.762"/>
  <system-out/>
</testsuite> <!-- com.jivi.auto.employeetest.JiViewsEmployeeTest -->
