<?xml version="1.0" encoding="UTF-8"?>
<!-- Generated by org.testng.reporters.JUnitReportReporter -->
<testsuite hostname="Ashok" failures="0" tests="1" name="com.jivi.auto.employeetest.JiViewsEmployeeAdministrationTest" time="293.982" errors="0" timestamp="2023-05-12T05:20:53 IST" skipped="0">
  <testcase classname="com.jivi.auto.employeetest.JiViewsEmployeeAdministrationTest" name="VerifyEmpProCreationFiveEmp" time="293.982"/>
  <system-out/>
</testsuite> <!-- com.jivi.auto.employeetest.JiViewsEmployeeAdministrationTest -->
