<?xml version="1.0" encoding="UTF-8"?>
<!-- Generated by org.testng.reporters.JUnitReportReporter -->
<testsuite hostname="Ashok" failures="0" tests="1" name="com.jivi.auto.employeetest.JiViewsSystemDefinitionsTest" time="28.090" errors="0" timestamp="2023-05-09T23:07:39 IST" skipped="0">
  <testcase classname="com.jivi.auto.employeetest.JiViewsSystemDefinitionsTest" name="VerifyLogin" time="28.090"/>
  <system-out/>
</testsuite> <!-- com.jivi.auto.employeetest.JiViewsSystemDefinitionsTest -->
