<?xml version="1.0" encoding="UTF-8"?>
<!-- Generated by org.testng.reporters.JUnitReportReporter -->
<testsuite hostname="Ashok" failures="0" tests="5" name="com.jivi.auto.employeetest.RoaserSetup" time="323.908" errors="0" timestamp="2023-06-19T07:27:06 IST" skipped="0">
  <testcase classname="com.jivi.auto.employeetest.RoaserSetup" name="rosterGroupAssignmentAddingSelectedEmp" time="70.341"/>
  <system-out/>
  <testcase classname="com.jivi.auto.employeetest.RoaserSetup" name="rosterGroupAssignmentRemoveAllEmp" time="42.013"/>
  <system-out/>
  <testcase classname="com.jivi.auto.employeetest.RoaserSetup" name="rosterCreation" time="99.029"/>
  <system-out/>
  <testcase classname="com.jivi.auto.employeetest.RoaserSetup" name="rosterGroupAssignmentRemoveSelectedEmp" time="67.974"/>
  <system-out/>
  <testcase classname="com.jivi.auto.employeetest.RoaserSetup" name="createShiftBandDefinition" time="44.551"/>
  <system-out/>
</testsuite> <!-- com.jivi.auto.employeetest.RoaserSetup -->
