<?xml version="1.0" encoding="UTF-8"?>
<!-- Generated by org.testng.reporters.JUnitReportReporter -->
<testsuite hostname="Ashok" failures="0" tests="3" name="com.jivi.auto.employeetest.RoaserSetup" time="300.851" errors="0" timestamp="2023-05-12T05:20:53 IST" skipped="0">
  <testcase classname="com.jivi.auto.employeetest.RoaserSetup" name="createShiftBandDefinition" time="44.097"/>
  <system-out/>
  <testcase classname="com.jivi.auto.employeetest.RoaserSetup" name="rosterCreation" time="197.284"/>
  <system-out/>
  <testcase classname="com.jivi.auto.employeetest.RoaserSetup" name="rosterGroupAssignmentAddingSelectedEmp" time="59.470"/>
  <system-out/>
</testsuite> <!-- com.jivi.auto.employeetest.RoaserSetup -->
