<?xml version="1.0" encoding="UTF-8"?>
<!-- Generated by org.testng.reporters.JUnitReportReporter -->
<testsuite hostname="Ashok" failures="0" tests="1" name="com.jivi.auto.employeetest.JiViewsSystemDefinitionsTest" time="22.055" errors="0" timestamp="2023-05-04T21:57:26 IST" skipped="0">
  <testcase classname="com.jivi.auto.employeetest.JiViewsSystemDefinitionsTest" name="VerifyLogin" time="22.055"/>
  <system-out/>
</testsuite> <!-- com.jivi.auto.employeetest.JiViewsSystemDefinitionsTest -->
