<?xml version="1.0" encoding="UTF-8"?>
<!-- Generated by org.testng.reporters.JUnitReportReporter -->
<testsuite hostname="Ashok" failures="0" tests="1" name="com.jivi.auto.employeetest.EFDPlanningTest" time="96.459" errors="0" timestamp="2023-08-24T08:39:50 IST" skipped="0">
  <testcase classname="com.jivi.auto.employeetest.EFDPlanningTest" name="VerifyCreateEFDPlanning" time="96.459"/>
  <system-out/>
</testsuite> <!-- com.jivi.auto.employeetest.EFDPlanningTest -->
