<?xml version="1.0" encoding="UTF-8"?>
<!-- Generated by org.testng.reporters.JUnitReportReporter -->
<testsuite hostname="Ashok" failures="0" tests="5" name="com.jivi.auto.employeetest.JiViewsSystemDefinitionsTest" time="273.810" errors="0" timestamp="2023-04-29T10:01:08 IST" skipped="0">
  <testcase classname="com.jivi.auto.employeetest.JiViewsSystemDefinitionsTest" name="VerifyEmpCategory" time="51.134"/>
  <system-out/>
  <testcase classname="com.jivi.auto.employeetest.JiViewsSystemDefinitionsTest" name="VerifyLogin" time="41.806"/>
  <system-out/>
  <testcase classname="com.jivi.auto.employeetest.JiViewsSystemDefinitionsTest" name="VerifySkillAdd" time="61.658"/>
  <system-out/>
  <testcase classname="com.jivi.auto.employeetest.JiViewsSystemDefinitionsTest" name="VerifyRolesAdd" time="54.393"/>
  <system-out/>
  <testcase classname="com.jivi.auto.employeetest.JiViewsSystemDefinitionsTest" name="VerifyEmpAdd" time="64.819"/>
  <system-out/>
</testsuite> <!-- com.jivi.auto.employeetest.JiViewsSystemDefinitionsTest -->
