<?xml version="1.0" encoding="UTF-8"?>
<!-- Generated by org.testng.reporters.JUnitReportReporter -->
<testsuite hostname="Ashok" failures="0" tests="1" name="com.jivi.auto.employeetest.JiViewsSystemDefinitionsTest" time="19.993" errors="0" timestamp="2023-05-08T09:58:46 IST" skipped="0">
  <testcase classname="com.jivi.auto.employeetest.JiViewsSystemDefinitionsTest" name="VerifyLogin" time="19.993"/>
  <system-out/>
</testsuite> <!-- com.jivi.auto.employeetest.JiViewsSystemDefinitionsTest -->
